c:\users\karim\documents\aigames\egp-410\gameai\component steering sdl\debug\vc141.pdb
c:\users\karim\documents\aigames\egp-410\gameai\component steering sdl\debug\vc141.idb
c:\users\karim\documents\aigames\egp-410\gameai\component steering sdl\debug\gamemessage.obj
c:\users\karim\documents\aigames\egp-410\gameai\component steering sdl\debug\gamemessagemanager.obj
c:\users\karim\documents\aigames\egp-410\gameai\component steering sdl\debug\graphicsbuffer.obj
c:\users\karim\documents\aigames\egp-410\gameai\component steering sdl\debug\graphicsbuffermanager.obj
c:\users\karim\documents\aigames\egp-410\gameai\component steering sdl\debug\graphicssystem.obj
c:\users\karim\documents\aigames\egp-410\gameai\component steering sdl\debug\inputsystem.obj
c:\users\karim\documents\aigames\egp-410\gameai\component steering sdl\debug\main.obj
c:\users\karim\documents\aigames\egp-410\gameai\component steering sdl\debug\physicscomponent.obj
c:\users\karim\documents\aigames\egp-410\gameai\component steering sdl\debug\playermovetomessage.obj
c:\users\karim\documents\aigames\egp-410\gameai\component steering sdl\debug\positioncomponent.obj
c:\users\karim\documents\aigames\egp-410\gameai\component steering sdl\debug\renderer.obj
c:\users\karim\documents\aigames\egp-410\gameai\component steering sdl\debug\seeksteering.obj
c:\users\karim\documents\aigames\egp-410\gameai\component steering sdl\debug\sprite.obj
c:\users\karim\documents\aigames\egp-410\gameai\component steering sdl\debug\spritemanager.obj
c:\users\karim\documents\aigames\egp-410\gameai\component steering sdl\debug\steering.obj
c:\users\karim\documents\aigames\egp-410\gameai\component steering sdl\debug\unit.obj
c:\users\karim\documents\aigames\egp-410\gameai\component steering sdl\debug\unitmanager.obj
c:\users\karim\documents\aigames\egp-410\gameai\component steering sdl\debug\wanderchasesteering.obj
c:\users\karim\documents\aigames\egp-410\gameai\component steering sdl\debug\wandersteering.obj
c:\users\karim\documents\aigames\egp-410\gameai\component steering sdl\debug\arriveandface.obj
c:\users\karim\documents\aigames\egp-410\gameai\component steering sdl\debug\arrivesteering.obj
c:\users\karim\documents\aigames\egp-410\gameai\component steering sdl\debug\color.obj
c:\users\karim\documents\aigames\egp-410\gameai\component steering sdl\debug\component.obj
c:\users\karim\documents\aigames\egp-410\gameai\component steering sdl\debug\componentmanager.obj
c:\users\karim\documents\aigames\egp-410\gameai\component steering sdl\debug\event.obj
c:\users\karim\documents\aigames\egp-410\gameai\component steering sdl\debug\eventlistener.obj
c:\users\karim\documents\aigames\egp-410\gameai\component steering sdl\debug\eventsystem.obj
c:\users\karim\documents\aigames\egp-410\gameai\component steering sdl\debug\facesteering.obj
c:\users\karim\documents\aigames\egp-410\gameai\component steering sdl\debug\font.obj
c:\users\karim\documents\aigames\egp-410\gameai\component steering sdl\debug\game.obj
c:\users\karim\documents\aigames\egp-410\gameai\component steering sdl\debug\steeringcomponent.obj
c:\users\karim\documents\aigames\egp-410\gameai\component steering sdl\debug\steering.pdb
c:\users\karim\documents\aigames\egp-410\gameai\component steering sdl\debug\steering.tlog\cl.command.1.tlog
c:\users\karim\documents\aigames\egp-410\gameai\component steering sdl\debug\steering.tlog\cl.read.1.tlog
c:\users\karim\documents\aigames\egp-410\gameai\component steering sdl\debug\steering.tlog\cl.write.1.tlog
c:\users\karim\documents\aigames\egp-410\gameai\component steering sdl\debug\steering.tlog\link.19476-cvtres.read.1.tlog
c:\users\karim\documents\aigames\egp-410\gameai\component steering sdl\debug\steering.tlog\link.19476-cvtres.write.1.tlog
c:\users\karim\documents\aigames\egp-410\gameai\component steering sdl\debug\steering.tlog\link.19476-rc.read.1.tlog
c:\users\karim\documents\aigames\egp-410\gameai\component steering sdl\debug\steering.tlog\link.19476-rc.write.1.tlog
c:\users\karim\documents\aigames\egp-410\gameai\component steering sdl\debug\steering.tlog\link.19476.read.1.tlog
c:\users\karim\documents\aigames\egp-410\gameai\component steering sdl\debug\steering.tlog\link.19476.write.1.tlog
c:\users\karim\documents\aigames\egp-410\gameai\component steering sdl\debug\steering.tlog\link.command.1.tlog
c:\users\karim\documents\aigames\egp-410\gameai\component steering sdl\debug\steering.tlog\link.read.1.tlog
c:\users\karim\documents\aigames\egp-410\gameai\component steering sdl\debug\steering.tlog\link.write.1.tlog
